<?xml version="1.0" encoding="UTF-8"?>
<!-- Generated by org.testng.reporters.JUnitXMLReporter -->
<testsuite ignored="3" hostname="SLTB229" failures="0" tests="3" name="Default test" time="27.154" errors="0" timestamp="2025-06-09T19:33:12 IST">
  <testcase classname="test.LoginTest" name="testValidLogin" time="13.53"/>
  <testcase classname="test.Lead_Creation_Test" name="createLeadTest" time="0.792"/>
  <testcase classname="test.Lead_Creation_Test" name="createLeadTest" time="0.825"/>
  <testcase classname="base.BaseTest" name="@BeforeSuite setupReport" time="0.0">
    <ignored/>
  </testcase> <!-- @BeforeSuite setupReport -->
  <testcase classname="test.Lead_Creation_Test" name="convertLeadTest" time="0.0">
    <ignored/>
  </testcase> <!-- convertLeadTest -->
  <testcase classname="base.BaseTest" name="@AfterSuite teardownReport" time="0.0">
    <ignored/>
  </testcase> <!-- @AfterSuite teardownReport -->
</testsuite> <!-- Default test -->
