<?xml version="1.0" encoding="UTF-8"?>
<testng-results ignored="3" total="6" passed="3" failed="0" skipped="0">
  <reporter-output>
  </reporter-output>
  <suite started-at="2025-06-09T19:32:44 IST" name="Default suite" finished-at="2025-06-09T19:33:12 IST" duration-ms="27154">
    <groups>
      <group name="login">
        <method signature="LoginTest.testValidLogin(java.lang.String, java.lang.String, java.lang.reflect.Method)[pri:0, instance:test.LoginTest@50eac852]" name="testValidLogin" class="test.LoginTest"/>
      </group> <!-- login -->
      <group name="lead">
        <method signature="Lead_Creation_Test.createLeadTest(java.lang.String, java.lang.String, java.lang.String, java.lang.String, java.lang.String)[pri:1, instance:test.Lead_Creation_Test@291ae]" name="createLeadTest" class="test.Lead_Creation_Test"/>
      </group> <!-- lead -->
    </groups>
    <test started-at="2025-06-09T19:32:44 IST" name="Default test" finished-at="2025-06-09T19:33:12 IST" duration-ms="27154">
      <class name="test.Lead_Creation_Test">
        <test-method is-config="true" signature="setupReport()[pri:0, instance:test.Lead_Creation_Test@291ae]" started-at="2025-06-09T19:32:44 IST" name="setupReport" finished-at="2025-06-09T19:32:44 IST" duration-ms="224" status="PASS">
          <reporter-output>
          </reporter-output>
        </test-method> <!-- setupReport -->
        <test-method is-config="true" signature="setUp(java.lang.reflect.Method)[pri:0, instance:test.Lead_Creation_Test@291ae]" started-at="2025-06-09T19:33:10 IST" name="setUp" finished-at="2025-06-09T19:33:10 IST" duration-ms="1" status="PASS">
          <params>
            <param index="0">
              <value>
                <![CDATA[public void test.Lead_Creation_Test.createLeadTest(java.lang.String,java.lang.String,java.lang.String,java.lang.String,java.lang.String) throws java.lang.InterruptedException]]>
              </value>
            </param>
          </params>
          <reporter-output>
          </reporter-output>
        </test-method> <!-- setUp -->
        <test-method signature="createLeadTest(java.lang.String, java.lang.String, java.lang.String, java.lang.String, java.lang.String)[pri:1, instance:test.Lead_Creation_Test@291ae]" started-at="2025-06-09T19:33:10 IST" name="createLeadTest" data-provider="leadData" depends-on-groups="login" finished-at="2025-06-09T19:33:11 IST" duration-ms="792" status="PASS">
          <params>
            <param index="0">
              <value>
                <![CDATA[John]]>
              </value>
            </param>
            <param index="1">
              <value>
                <![CDATA[Doe]]>
              </value>
            </param>
            <param index="2">
              <value>
                <![CDATA[OpenAI]]>
              </value>
            </param>
            <param index="3">
              <value>
                <![CDATA[john.doe@example.com]]>
              </value>
            </param>
            <param index="4">
              <value>
                <![CDATA[1234567890]]>
              </value>
            </param>
          </params>
          <reporter-output>
          </reporter-output>
        </test-method> <!-- createLeadTest -->
        <test-method is-config="true" signature="setUp(java.lang.reflect.Method)[pri:0, instance:test.Lead_Creation_Test@291ae]" started-at="2025-06-09T19:33:11 IST" name="setUp" finished-at="2025-06-09T19:33:11 IST" duration-ms="1" status="PASS">
          <params>
            <param index="0">
              <value>
                <![CDATA[public void test.Lead_Creation_Test.createLeadTest(java.lang.String,java.lang.String,java.lang.String,java.lang.String,java.lang.String) throws java.lang.InterruptedException]]>
              </value>
            </param>
          </params>
          <reporter-output>
          </reporter-output>
        </test-method> <!-- setUp -->
        <test-method signature="createLeadTest(java.lang.String, java.lang.String, java.lang.String, java.lang.String, java.lang.String)[pri:1, instance:test.Lead_Creation_Test@291ae]" started-at="2025-06-09T19:33:11 IST" name="createLeadTest" data-provider="leadData" depends-on-groups="login" finished-at="2025-06-09T19:33:12 IST" duration-ms="825" status="PASS">
          <params>
            <param index="0">
              <value>
                <![CDATA[Jane]]>
              </value>
            </param>
            <param index="1">
              <value>
                <![CDATA[Smith]]>
              </value>
            </param>
            <param index="2">
              <value>
                <![CDATA[Google]]>
              </value>
            </param>
            <param index="3">
              <value>
                <![CDATA[jane.smith@example.com]]>
              </value>
            </param>
            <param index="4">
              <value>
                <![CDATA[9876543210]]>
              </value>
            </param>
          </params>
          <reporter-output>
          </reporter-output>
        </test-method> <!-- createLeadTest -->
        <test-method is-config="true" signature="teardownReport()[pri:0, instance:test.Lead_Creation_Test@291ae]" started-at="2025-06-09T19:33:12 IST" name="teardownReport" finished-at="2025-06-09T19:33:22 IST" duration-ms="10577" status="PASS">
          <reporter-output>
          </reporter-output>
        </test-method> <!-- teardownReport -->
      </class> <!-- test.Lead_Creation_Test -->
      <class name="test.LoginTest">
        <test-method is-config="true" signature="setUp(java.lang.reflect.Method)[pri:0, instance:test.LoginTest@50eac852]" started-at="2025-06-09T19:32:45 IST" name="setUp" finished-at="2025-06-09T19:32:56 IST" duration-ms="11067" status="PASS">
          <params>
            <param index="0">
              <value>
                <![CDATA[public void test.LoginTest.testValidLogin(java.lang.String,java.lang.String,java.lang.reflect.Method) throws java.lang.InterruptedException]]>
              </value>
            </param>
          </params>
          <reporter-output>
          </reporter-output>
        </test-method> <!-- setUp -->
        <test-method signature="testValidLogin(java.lang.String, java.lang.String, java.lang.reflect.Method)[pri:0, instance:test.LoginTest@50eac852]" started-at="2025-06-09T19:32:56 IST" name="testValidLogin" data-provider="LoginData" finished-at="2025-06-09T19:33:10 IST" duration-ms="13530" status="PASS">
          <params>
            <param index="0">
              <value>
                <![CDATA[salescloud@crmit.com.automationcoe]]>
              </value>
            </param>
            <param index="1">
              <value>
                <![CDATA[Password$.2025]]>
              </value>
            </param>
            <param index="2">
              <value>
                <![CDATA[public void test.LoginTest.testValidLogin(java.lang.String,java.lang.String,java.lang.reflect.Method) throws java.lang.InterruptedException]]>
              </value>
            </param>
          </params>
          <reporter-output>
          </reporter-output>
        </test-method> <!-- testValidLogin -->
      </class> <!-- test.LoginTest -->
    </test> <!-- Default test -->
  </suite> <!-- Default suite -->
</testng-results>
