<?xml version="1.0" encoding="UTF-8"?>
<!-- Generated by org.testng.reporters.JUnitReportReporter -->
<testsuite hostname="SLTB229" failures="0" tests="2" name="test.Lead_Creation_Test" time="1.619" errors="0" timestamp="2025-06-09T19:33:23 IST" skipped="0">
  <testcase classname="test.Lead_Creation_Test" name="createLeadTest" time="0.793"/>
  <system-out/>
  <testcase classname="test.Lead_Creation_Test" name="createLeadTest" time="0.826"/>
  <system-out/>
</testsuite> <!-- test.Lead_Creation_Test -->
