<?xml version="1.0" encoding="UTF-8"?>
<!-- Generated by org.testng.reporters.JUnitXMLReporter -->
<testsuite ignored="2" hostname="SLTB229" failures="1" tests="3" name="LoginTests" time="22.23" errors="0" timestamp="2025-06-02T15:10:33 IST">
  <testcase classname="base.BaseTest" name="@AfterMethod tearDown" time="0.603">
    <failure type="java.lang.IllegalArgumentException" message="ScreenCapture path must not be null or empty">
      <![CDATA[java.lang.IllegalArgumentException: ScreenCapture path must not be null or empty
at com.aventstack.extentreports.util.Assert.notEmpty(Assert.java:12)
at com.aventstack.extentreports.MediaEntityBuilder.createScreenCaptureFromPath(MediaEntityBuilder.java:34)
at com.aventstack.extentreports.MediaEntityBuilder.createScreenCaptureFromPath(MediaEntityBuilder.java:40)
at base.BaseTest.tearDown(BaseTest.java:81)
at java.base/java.util.ArrayList.forEach(ArrayList.java:1511)
... Removed 32 stack frames]]>
    </failure>
  </testcase> <!-- @AfterMethod tearDown -->
  <testcase classname="base.BaseTest" name="@AfterMethod tearDown" time="0.171">
    <failure type="java.lang.IllegalArgumentException" message="ScreenCapture path must not be null or empty">
      <![CDATA[java.lang.IllegalArgumentException: ScreenCapture path must not be null or empty
at com.aventstack.extentreports.util.Assert.notEmpty(Assert.java:12)
at com.aventstack.extentreports.MediaEntityBuilder.createScreenCaptureFromPath(MediaEntityBuilder.java:34)
at com.aventstack.extentreports.MediaEntityBuilder.createScreenCaptureFromPath(MediaEntityBuilder.java:40)
at base.BaseTest.tearDown(BaseTest.java:77)
at java.base/java.util.ArrayList.forEach(ArrayList.java:1511)
... Removed 32 stack frames]]>
    </failure>
  </testcase> <!-- @AfterMethod tearDown -->
  <testcase classname="test.LoginTest" name="testValidLogin" time="11.036"/>
  <testcase classname="test.Lead_Creation_Test" name="createLeadTest" time="0.381">
    <failure type="java.lang.NullPointerException" message="Cannot invoke &amp;quot;com.aventstack.extentreports.ExtentTest.info(String)&amp;quot; because the return value of &amp;quot;java.lang.ThreadLocal.get()&amp;quot; is null">
      <![CDATA[java.lang.NullPointerException: Cannot invoke "com.aventstack.extentreports.ExtentTest.info(String)" because the return value of "java.lang.ThreadLocal.get()" is null
at pages.Lead_Creation.createLead(Lead_Creation.java:85)
at test.Lead_Creation_Test.createLeadTest(Lead_Creation_Test.java:15)
at java.base/java.util.ArrayList.forEach(ArrayList.java:1511)
... Removed 27 stack frames]]>
    </failure>
  </testcase> <!-- createLeadTest -->
  <testcase classname="test.Lead_Creation_Test" name="convertLeadTest" time="0.0">
    <skipped/>
  </testcase> <!-- convertLeadTest -->
  <testcase classname="base.BaseTest" name="@BeforeSuite setupReport" time="0.0">
    <ignored/>
  </testcase> <!-- @BeforeSuite setupReport -->
  <testcase classname="base.BaseTest" name="@AfterSuite teardownReport" time="0.0">
    <ignored/>
  </testcase> <!-- @AfterSuite teardownReport -->
</testsuite> <!-- LoginTests -->
