<?xml version="1.0" encoding="UTF-8"?>
<!-- Generated by org.testng.reporters.JUnitReportReporter -->
<testsuite hostname="SLTB229" failures="0" tests="2" name="test.Lead_Creation_Test" time="0.000" errors="0" timestamp="2025-05-30T11:46:09 IST" skipped="2">
  <testcase classname="test.Lead_Creation_Test" name="createLeadTest" time="0.000">
    <skipped/>
  </testcase> <!-- createLeadTest -->
  <system-out/>
  <testcase classname="test.Lead_Creation_Test" name="convertLeadTest" time="0.000">
    <skipped/>
  </testcase> <!-- convertLeadTest -->
  <system-out/>
</testsuite> <!-- test.Lead_Creation_Test -->
