<?xml version="1.0" encoding="UTF-8"?>
<!-- Generated by org.testng.reporters.JUnitXMLReporter -->
<testsuite ignored="2" hostname="SLTB229" failures="1" tests="3" name="LoginTests" time="1.297" errors="0" timestamp="2025-05-30T11:45:58 IST">
  <testcase classname="test.LoginTest" name="testValidLogin" time="0.006">
    <failure type="java.lang.AssertionError" message="Driver was not initialized properly.">
      <![CDATA[java.lang.AssertionError: Driver was not initialized properly.
at test.LoginTest.testValidLogin(LoginTest.java:63)
at java.base/java.util.ArrayList.forEach(ArrayList.java:1597)
... Removed 30 stack frames]]>
    </failure>
  </testcase> <!-- testValidLogin -->
  <testcase classname="test.Lead_Creation_Test" name="convertLeadTest" time="0.0">
    <skipped/>
  </testcase> <!-- convertLeadTest -->
  <testcase classname="test.Lead_Creation_Test" name="createLeadTest" time="0.0">
    <skipped/>
  </testcase> <!-- createLeadTest -->
  <testcase classname="base.BaseTest" name="@BeforeSuite setupReport" time="0.0">
    <ignored/>
  </testcase> <!-- @BeforeSuite setupReport -->
  <testcase classname="base.BaseTest" name="@AfterSuite teardownReport" time="0.0">
    <ignored/>
  </testcase> <!-- @AfterSuite teardownReport -->
</testsuite> <!-- LoginTests -->
